2024-07-23 09:49:47,573  INFO 22280 --- [-] [                                    main] [
                 ] b.g.t.TestTracingRestClientApplication   : Started TestTracingRestClientApplication in 1.989 seconds (process running for 2.283)
2024-07-23 09:50:10,096  INFO 22280 --- [-] [                    http-nio-8081-exec-1] [                                                 ] o.a.c.c.C.[Tomcat].[localhost].[/]       : Initializing Spring DispatcherServlet 'dispatcherServlet'
2024-07-23 09:50:10,096  INFO 22280 --- [-] [                    http-nio-8081-exec-1] [
                 ] o.s.web.servlet.DispatcherServlet        : Initializing Servlet 'dispatcherServlet'
2024-07-23 09:50:10,096 DEBUG 22280 --- [-] [                    http-nio-8081-exec-1] [
                 ] o.s.web.servlet.DispatcherServlet        : Detected StandardServletMultipartResolver
2024-07-23 09:50:10,096 DEBUG 22280 --- [-] [                    http-nio-8081-exec-1] [
                 ] o.s.web.servlet.DispatcherServlet        : Detected AcceptHeaderLocaleResolver
2024-07-23 09:50:10,096 DEBUG 22280 --- [-] [                    http-nio-8081-exec-1] [
                 ] o.s.web.servlet.DispatcherServlet        : Detected FixedThemeResolver
2024-07-23 09:50:10,096 DEBUG 22280 --- [-] [                    http-nio-8081-exec-1] [
                 ] o.s.web.servlet.DispatcherServlet        : Detected org.springframework.web.servlet.view.DefaultRequestToViewNameTranslator@3646083
2024-07-23 09:50:10,096 DEBUG 22280 --- [-] [                    http-nio-8081-exec-1] [
                 ] o.s.web.servlet.DispatcherServlet        : Detected org.springframework.web.servlet.support.SessionFlashMapManager@8e4798d
2024-07-23 09:50:10,096 DEBUG 22280 --- [-] [                    http-nio-8081-exec-1] [
                 ] o.s.web.servlet.DispatcherServlet        : enableLoggingRequestDetails='false': request parameters and headers will be masked to prevent unsafe logging of potentially sensitive data
2024-07-23 09:50:10,096  INFO 22280 --- [-] [                    http-nio-8081-exec-1] [
                 ] o.s.web.servlet.DispatcherServlet        : Completed initialization in 0 ms
2024-07-23 09:50:10,111  WARN 22280 --- [-] [                    http-nio-8081-exec-1] [669fc322692f918a14967b2e339111a0-14967b2e339111a0] b.g.t.rest.AddBaggageFilter              : baggagefieldRemote value : [autoValuetestRemoteBaggage]
2024-07-23 09:50:10,111  WARN 22280 --- [-] [                    http-nio-8081-exec-1] [669fc322692f918a14967b2e339111a0-14967b2e339111a0] b.g.t.rest.AddBaggageFilter              : baggagefieldLocal value : [autoValuetestLocalBaggage]
2024-07-23 09:50:10,128  WARN 22280 --- [autoValuetestRemoteBaggage-autoValuetestLocalBaggage] [                    http-nio-8081-exec-1] [669fc322692f918a14967b2e339111a0-14967b2e339111a0] b.g.t.rest.AddBaggageFilter              : baggagefieldRemote was created!
2024-07-23 09:50:10,134 DEBUG 22280 --- [autoValuetestRemoteBaggage-autoValuetestLocalBaggage] [                    http-nio-8081-exec-1] [669fc322692f918a14967b2e339111a0-14967b2e339111a0] o.s.web.servlet.DispatcherServlet        : GET "/categoryInfo", parameters={}
2024-07-23 09:50:10,139 DEBUG 22280 --- [autoValuetestRemoteBaggage-autoValuetestLocalBaggage] [                    http-nio-8081-exec-1] [669fc322692f918a14967b2e339111a0-14967b2e339111a0] s.w.s.m.m.a.RequestMappingHandlerMapping : Mapped to by.gvu.testtracingrestclient.controller.SimpleController#getListProducts()
2024-07-23 09:50:10,530 DEBUG 22280 --- [autoValuetestRemoteBaggage-autoValuetestLocalBaggage] [                    http-nio-8081-exec-1] [669fc322692f918a14967b2e339111a0-14967b2e339111a0] o.s.web.client.DefaultRestClient         : Reading to [java.util.List<java.lang.String>]
2024-07-23 09:50:10,637 DEBUG 22280 --- [autoValuetestRemoteBaggage-autoValuetestLocalBaggage] [        ForkJoinPool.commonPool-worker-1] [669fc322692f918a14967b2e339111a0-14967b2e339111a0] o.s.web.client.DefaultRestClient         : Reading to [java.util.List<by.gvu.testtracingrestclient.model.Product>]
2024-07-23 09:50:10,706 DEBUG 22280 --- [autoValuetestRemoteBaggage-autoValuetestLocalBaggage] [       ForkJoinPool.commonPool-worker-10] [669fc322692f918a14967b2e339111a0-14967b2e339111a0] o.s.web.client.DefaultRestClient         : Reading to [java.util.List<by.gvu.testtracingrestclient.model.Product>]
2024-07-23 09:50:10,766 DEBUG 22280 --- [autoValuetestRemoteBaggage-autoValuetestLocalBaggage] [        ForkJoinPool.commonPool-worker-6] [669fc322692f918a14967b2e339111a0-14967b2e339111a0] o.s.web.client.DefaultRestClient         : Reading to [java.util.List<by.gvu.testtracingrestclient.model.Product>]
2024-07-23 09:50:10,781 DEBUG 22280 --- [autoValuetestRemoteBaggage-autoValuetestLocalBaggage] [        ForkJoinPool.commonPool-worker-3] [669fc322692f918a14967b2e339111a0-14967b2e339111a0] o.s.web.client.DefaultRestClient         : Reading to [java.util.List<by.gvu.testtracingrestclient.model.Product>]
2024-07-23 09:50:10,787 DEBUG 22280 --- [autoValuetestRemoteBaggage-autoValuetestLocalBaggage] [       ForkJoinPool.commonPool-worker-11] [669fc322692f918a14967b2e339111a0-14967b2e339111a0] o.s.web.client.DefaultRestClient         : Reading to [java.util.List<by.gvu.testtracingrestclient.model.Product>]
2024-07-23 09:50:10,797 DEBUG 22280 --- [autoValuetestRemoteBaggage-autoValuetestLocalBaggage] [        ForkJoinPool.commonPool-worker-1] [669fc322692f918a14967b2e339111a0-14967b2e339111a0] o.s.web.client.DefaultRestClient         : Reading to [java.util.List<by.gvu.testtracingrestclient.model.Product>]
2024-07-23 09:50:10,815 DEBUG 22280 --- [autoValuetestRemoteBaggage-autoValuetestLocalBaggage] [        ForkJoinPool.commonPool-worker-4] [669fc322692f918a14967b2e339111a0-14967b2e339111a0] o.s.web.client.DefaultRestClient         : Reading to [java.util.List<by.gvu.testtracingrestclient.model.Product>]
2024-07-23 09:50:10,839 DEBUG 22280 --- [autoValuetestRemoteBaggage-autoValuetestLocalBaggage] [                    http-nio-8081-exec-1] [669fc322692f918a14967b2e339111a0-14967b2e339111a0] o.s.web.client.DefaultRestClient         : Reading to [java.util.List<by.gvu.testtracingrestclient.model.Product>]
2024-07-23 09:50:10,845 DEBUG 22280 --- [autoValuetestRemoteBaggage-autoValuetestLocalBaggage] [        ForkJoinPool.commonPool-worker-2] [669fc322692f918a14967b2e339111a0-14967b2e339111a0] o.s.web.client.DefaultRestClient         : Reading to [java.util.List<by.gvu.testtracingrestclient.model.Product>]
2024-07-23 09:50:10,887 DEBUG 22280 --- [autoValuetestRemoteBaggage-autoValuetestLocalBaggage] [        ForkJoinPool.commonPool-worker-7] [669fc322692f918a14967b2e339111a0-14967b2e339111a0] o.s.web.client.DefaultRestClient         : Reading to [java.util.List<by.gvu.testtracingrestclient.model.Product>]
2024-07-23 09:50:10,934 DEBUG 22280 --- [autoValuetestRemoteBaggage-autoValuetestLocalBaggage] [       ForkJoinPool.commonPool-worker-11] [669fc322692f918a14967b2e339111a0-14967b2e339111a0] o.s.web.client.DefaultRestClient         : Reading to [java.util.List<by.gvu.testtracingrestclient.model.Product>]
2024-07-23 09:50:10,936 DEBUG 22280 --- [autoValuetestRemoteBaggage-autoValuetestLocalBaggage] [        ForkJoinPool.commonPool-worker-3] [669fc322692f918a14967b2e339111a0-14967b2e339111a0] o.s.web.client.DefaultRestClient         : Reading to [java.util.List<by.gvu.testtracingrestclient.model.Product>]
2024-07-23 09:50:10,963 DEBUG 22280 --- [autoValuetestRemoteBaggage-autoValuetestLocalBaggage] [        ForkJoinPool.commonPool-worker-4] [669fc322692f918a14967b2e339111a0-14967b2e339111a0] o.s.web.client.DefaultRestClient         : Reading to [java.util.List<by.gvu.testtracingrestclient.model.Product>]
2024-07-23 09:50:10,970 DEBUG 22280 --- [autoValuetestRemoteBaggage-autoValuetestLocalBaggage] [        ForkJoinPool.commonPool-worker-1] [669fc322692f918a14967b2e339111a0-14967b2e339111a0] o.s.web.client.DefaultRestClient         : Reading to [java.util.List<by.gvu.testtracingrestclient.model.Product>]
2024-07-23 09:50:10,993 DEBUG 22280 --- [autoValuetestRemoteBaggage-autoValuetestLocalBaggage] [        ForkJoinPool.commonPool-worker-8] [669fc322692f918a14967b2e339111a0-14967b2e339111a0] o.s.web.client.DefaultRestClient         : Reading to [java.util.List<by.gvu.testtracingrestclient.model.Product>]
2024-07-23 09:50:10,996 DEBUG 22280 --- [autoValuetestRemoteBaggage-autoValuetestLocalBaggage] [       ForkJoinPool.commonPool-worker-10] [669fc322692f918a14967b2e339111a0-14967b2e339111a0] o.s.web.client.DefaultRestClient         : Reading to [java.util.List<by.gvu.testtracingrestclient.model.Product>]
2024-07-23 09:50:11,003 DEBUG 22280 --- [autoValuetestRemoteBaggage-autoValuetestLocalBaggage] [        ForkJoinPool.commonPool-worker-5] [669fc322692f918a14967b2e339111a0-14967b2e339111a0] o.s.web.client.DefaultRestClient         : Reading to [java.util.List<by.gvu.testtracingrestclient.model.Product>]
2024-07-23 09:50:11,009 DEBUG 22280 --- [autoValuetestRemoteBaggage-autoValuetestLocalBaggage] [        ForkJoinPool.commonPool-worker-9] [669fc322692f918a14967b2e339111a0-14967b2e339111a0] o.s.web.client.DefaultRestClient         : Reading to [java.util.List<by.gvu.testtracingrestclient.model.Product>]
2024-07-23 09:50:11,020 DEBUG 22280 --- [autoValuetestRemoteBaggage-autoValuetestLocalBaggage] [                    http-nio-8081-exec-1] [669fc322692f918a14967b2e339111a0-14967b2e339111a0] o.s.web.client.DefaultRestClient         : Reading to [java.util.List<by.gvu.testtracingrestclient.model.Product>]
2024-07-23 09:50:11,055 DEBUG 22280 --- [autoValuetestRemoteBaggage-autoValuetestLocalBaggage] [        ForkJoinPool.commonPool-worker-6] [669fc322692f918a14967b2e339111a0-14967b2e339111a0] o.s.web.client.DefaultRestClient         : Reading to [java.util.List<by.gvu.testtracingrestclient.model.Product>]
2024-07-23 09:50:11,077 DEBUG 22280 --- [autoValuetestRemoteBaggage-autoValuetestLocalBaggage] [        ForkJoinPool.commonPool-worker-7] [669fc322692f918a14967b2e339111a0-14967b2e339111a0] o.s.web.client.DefaultRestClient         : Reading to [java.util.List<by.gvu.testtracingrestclient.model.Product>]
2024-07-23 09:50:11,079 DEBUG 22280 --- [autoValuetestRemoteBaggage-autoValuetestLocalBaggage] [        ForkJoinPool.commonPool-worker-4] [669fc322692f918a14967b2e339111a0-14967b2e339111a0] o.s.web.client.DefaultRestClient         : Reading to [java.util.List<by.gvu.testtracingrestclient.model.Product>]
2024-07-23 09:50:11,082 DEBUG 22280 --- [autoValuetestRemoteBaggage-autoValuetestLocalBaggage] [        ForkJoinPool.commonPool-worker-2] [669fc322692f918a14967b2e339111a0-14967b2e339111a0] o.s.web.client.DefaultRestClient         : Reading to [java.util.List<by.gvu.testtracingrestclient.model.Product>]
2024-07-23 09:50:11,105 DEBUG 22280 --- [autoValuetestRemoteBaggage-autoValuetestLocalBaggage] [        ForkJoinPool.commonPool-worker-1] [669fc322692f918a14967b2e339111a0-14967b2e339111a0] o.s.web.client.DefaultRestClient         : Reading to [java.util.List<by.gvu.testtracingrestclient.model.Product>]
2024-07-23 09:50:11,125 DEBUG 22280 --- [-] [                    http-nio-8081-exec-1] [
                 ] m.m.a.RequestResponseBodyMethodProcessor : Using 'application/json;q=0.8', given [text/html, application/xhtml+xml, image/avif, image/webp, image/apng, application/xml;q=0.9, */*;q=0.8, application/signed-exchange;v=b3;q=0.7] and supported [application/json]
2024-07-23 09:50:11,209 DEBUG 22280 --- [-] [                    http-nio-8081-exec-1] [                                                 ] m.m.a.RequestResponseBodyMethodProcessor : Writing [[CategoryDetails[categoryName=beauty, productList=[Product[id=1, title=Essence Mascara Lash Princess (truncated)...]
2024-07-23 09:50:11,273 DEBUG 22280 --- [-] [                    http-nio-8081-exec-1] [                                                 ] o.s.web.servlet.DispatcherServlet        : Completed 200 OK
